#! /c/Source/iverilog-install/bin/vvp
:ivl_version "12.0 (devel)" "(s20150603-1539-g2693dd32b)";
:ivl_delay_selection "TYPICAL";
:vpi_time_precision + 0;
:vpi_module "C:\iverilog\lib\ivl\system.vpi";
:vpi_module "C:\iverilog\lib\ivl\vhdl_sys.vpi";
:vpi_module "C:\iverilog\lib\ivl\vhdl_textio.vpi";
:vpi_module "C:\iverilog\lib\ivl\v2005_math.vpi";
:vpi_module "C:\iverilog\lib\ivl\va_math.vpi";
S_0000024252d2ad40 .scope module, "exercise6_1" "exercise6_1" 2 9;
 .timescale 0 0;
v0000024252db28d0_0 .var "A", 7 0;
v0000024252e2b850_0 .var "B", 7 0;
v0000024252e2b8f0_0 .net "sign", 7 0, L_0000024252e2c020;  1 drivers
S_0000024252d2bbe0 .scope module, "c" "Comparator" 2 13, 2 1 0, S_0000024252d2ad40;
 .timescale 0 0;
    .port_info 0 /OUTPUT 8 "sign";
    .port_info 1 /INPUT 8 "A";
    .port_info 2 /INPUT 8 "B";
v0000024252d2bd70_0 .net "A", 7 0, v0000024252db28d0_0;  1 drivers
v0000024252db2ce0_0 .net "B", 7 0, v0000024252e2b850_0;  1 drivers
v0000024252d2ab80_0 .net *"_ivl_0", 0 0, L_0000024252e2c7a0;  1 drivers
v0000024252db2510_0 .net *"_ivl_10", 7 0, L_0000024252e2bd00;  1 drivers
L_0000024252e2c9a8 .functor BUFT 1, C4<00111101>, C4<0>, C4<0>, C4<0>;
v0000024252db25b0_0 .net/2u *"_ivl_2", 7 0, L_0000024252e2c9a8;  1 drivers
v0000024252db2650_0 .net *"_ivl_4", 0 0, L_0000024252e2c700;  1 drivers
L_0000024252e2c9f0 .functor BUFT 1, C4<00111100>, C4<0>, C4<0>, C4<0>;
v0000024252db26f0_0 .net/2u *"_ivl_6", 7 0, L_0000024252e2c9f0;  1 drivers
L_0000024252e2ca38 .functor BUFT 1, C4<00111110>, C4<0>, C4<0>, C4<0>;
v0000024252db2790_0 .net/2u *"_ivl_8", 7 0, L_0000024252e2ca38;  1 drivers
v0000024252db2830_0 .net "sign", 7 0, L_0000024252e2c020;  alias, 1 drivers
L_0000024252e2c7a0 .cmp/eq 8, v0000024252db28d0_0, v0000024252e2b850_0;
L_0000024252e2c700 .cmp/gt 8, v0000024252e2b850_0, v0000024252db28d0_0;
L_0000024252e2bd00 .functor MUXZ 8, L_0000024252e2ca38, L_0000024252e2c9f0, L_0000024252e2c700, C4<>;
L_0000024252e2c020 .functor MUXZ 8, L_0000024252e2bd00, L_0000024252e2c9a8, L_0000024252e2c7a0, C4<>;
    .scope S_0000024252d2ad40;
T_0 ;
    %vpi_call 2 16 "$display", "Comparing 8-bit input A & B\012" {0 0 0};
    %vpi_call 2 17 "$display", "A\011\011\011B\011\011\011\011Comparison" {0 0 0};
    %vpi_call 2 18 "$monitor", "%b\011%b\011\011A %s B", v0000024252db28d0_0, v0000024252e2b850_0, v0000024252e2b8f0_0 {0 0 0};
    %pushi/vec4 0, 0, 8;
    %store/vec4 v0000024252db28d0_0, 0, 8;
    %pushi/vec4 0, 0, 8;
    %store/vec4 v0000024252e2b850_0, 0, 8;
    %delay 2, 0;
    %pushi/vec4 21, 0, 8;
    %store/vec4 v0000024252db28d0_0, 0, 8;
    %pushi/vec4 129, 0, 8;
    %store/vec4 v0000024252e2b850_0, 0, 8;
    %delay 2, 0;
    %pushi/vec4 224, 0, 8;
    %store/vec4 v0000024252db28d0_0, 0, 8;
    %pushi/vec4 7, 0, 8;
    %store/vec4 v0000024252e2b850_0, 0, 8;
    %delay 2, 0;
    %pushi/vec4 2, 0, 8;
    %store/vec4 v0000024252db28d0_0, 0, 8;
    %pushi/vec4 7, 0, 8;
    %store/vec4 v0000024252e2b850_0, 0, 8;
    %delay 2, 0;
    %pushi/vec4 9, 0, 8;
    %store/vec4 v0000024252db28d0_0, 0, 8;
    %pushi/vec4 2, 0, 8;
    %store/vec4 v0000024252e2b850_0, 0, 8;
    %delay 2, 0;
    %vpi_call 2 25 "$finish" {0 0 0};
    %end;
    .thread T_0;
# The file index is used to find the file name in the following table.
:file_names 3;
    "N/A";
    "<interactive>";
    "exercise6_1.v";
